[ 2018-02-14T11:35:41+08:00 ] 192.168.130.47 /mss/admin.php/Goods/issell/id/45?name=John&time=2pm
INFO: [ app_begin ] --START--
INFO: ReadHtmlCache Behavior ::run [ RunTime:0.003160s ]
INFO: [ app_begin ] --END-- [ RunTime:0.003300s ]
SQL: SHOW COLUMNS FROM `mss_goods` [ RunTime:0.005570s ]
SQL: SELECT * FROM `mss_goods` WHERE ( id=45 ) LIMIT 1   [ RunTime:0.002311s ]
SQL: UPDATE `mss_goods` SET `issell`=2 WHERE ( id=45 ) [ RunTime:0.000342s ]

[ 2018-02-14T11:39:22+08:00 ] 192.168.130.47 /mss/admin.php/Goods/issell/id/45?name=John&time=2pm
INFO: [ app_begin ] --START--
INFO: ReadHtmlCache Behavior ::run [ RunTime:0.001495s ]
INFO: [ app_begin ] --END-- [ RunTime:0.001611s ]
SQL: SHOW COLUMNS FROM `mss_goods` [ RunTime:0.005186s ]
SQL: SELECT * FROM `mss_goods` WHERE ( id=45 ) LIMIT 1   [ RunTime:0.002043s ]
SQL: UPDATE `mss_goods` SET `issell`=1 WHERE ( id=45 ) [ RunTime:0.000340s ]

[ 2018-02-14T11:46:47+08:00 ] 192.168.130.47 /mss/admin.php/Class/isshow/id/17
INFO: [ app_begin ] --START--
INFO: ReadHtmlCache Behavior ::run [ RunTime:0.003398s ]
INFO: [ app_begin ] --END-- [ RunTime:0.003542s ]
SQL: SHOW COLUMNS FROM `mss_admin_log` [ RunTime:0.007391s ]
SQL: INSERT INTO `mss_admin_log` (`userid`,`time`,`loginfo`,`userip`) VALUES (1,1392349607,'管理员admin修改了分类','192.168.130.47') [ RunTime:0.003633s ]
SQL: SHOW COLUMNS FROM `mss_goods_category` [ RunTime:0.007168s ]
SQL: SELECT * FROM `mss_goods_category` WHERE ( id=17 ) LIMIT 1   [ RunTime:0.003512s ]
SQL: UPDATE `mss_goods_category` SET `isshow`=2 WHERE ( id=17 ) [ RunTime:0.000511s ]

[ 2018-02-14T11:47:00+08:00 ] 192.168.130.47 /mss/admin.php/Class/isshow/id/17
INFO: [ app_begin ] --START--
INFO: ReadHtmlCache Behavior ::run [ RunTime:0.001315s ]
INFO: [ app_begin ] --END-- [ RunTime:0.001490s ]
SQL: SHOW COLUMNS FROM `mss_admin_log` [ RunTime:0.007654s ]
SQL: INSERT INTO `mss_admin_log` (`userid`,`time`,`loginfo`,`userip`) VALUES (1,1392349620,'管理员admin修改了分类','192.168.130.47') [ RunTime:0.002208s ]
SQL: SHOW COLUMNS FROM `mss_goods_category` [ RunTime:0.004462s ]
SQL: SELECT * FROM `mss_goods_category` WHERE ( id=17 ) LIMIT 1   [ RunTime:0.002159s ]
SQL: UPDATE `mss_goods_category` SET `isshow`=1 WHERE ( id=17 ) [ RunTime:0.000301s ]

[ 2018-02-14T11:47:18+08:00 ] 192.168.130.47 /mss/admin.php/Class/isshow/id/17
INFO: [ app_begin ] --START--
INFO: ReadHtmlCache Behavior ::run [ RunTime:0.001313s ]
INFO: [ app_begin ] --END-- [ RunTime:0.001486s ]
SQL: SHOW COLUMNS FROM `mss_admin_log` [ RunTime:0.008228s ]
SQL: INSERT INTO `mss_admin_log` (`userid`,`time`,`loginfo`,`userip`) VALUES (1,1392349638,'管理员admin修改了分类','192.168.130.47') [ RunTime:0.003820s ]
SQL: SHOW COLUMNS FROM `mss_goods_category` [ RunTime:0.007335s ]
SQL: SELECT * FROM `mss_goods_category` WHERE ( id=17 ) LIMIT 1   [ RunTime:0.003680s ]
SQL: UPDATE `mss_goods_category` SET `isshow`=2 WHERE ( id=17 ) [ RunTime:0.000519s ]

[ 2018-02-14T12:04:17+08:00 ] 192.168.130.47 /mss/admin.php/Class/isshow/id/17
INFO: [ app_begin ] --START--
INFO: ReadHtmlCache Behavior ::run [ RunTime:0.000523s ]
INFO: [ app_begin ] --END-- [ RunTime:0.000583s ]
SQL: SHOW COLUMNS FROM `mss_admin_log` [ RunTime:0.003199s ]
SQL: INSERT INTO `mss_admin_log` (`userid`,`time`,`loginfo`,`userip`) VALUES (1,1392350657,'管理员admin修改了分类','192.168.130.47') [ RunTime:0.001588s ]
SQL: SHOW COLUMNS FROM `mss_goods_category` [ RunTime:0.003270s ]
SQL: SELECT * FROM `mss_goods_category` WHERE ( id=17 ) LIMIT 1   [ RunTime:0.001753s ]
SQL: UPDATE `mss_goods_category` SET `isshow`=1 WHERE ( id=17 ) [ RunTime:0.000287s ]

[ 2018-02-14T13:10:48+08:00 ] 192.168.130.47 /mss/admin.php/Goods/issell/id/46?name=John&time=2pm
INFO: [ app_begin ] --START--
INFO: ReadHtmlCache Behavior ::run [ RunTime:0.002022s ]
INFO: [ app_begin ] --END-- [ RunTime:0.002137s ]
SQL: SHOW COLUMNS FROM `mss_goods` [ RunTime:0.003542s ]
SQL: SELECT * FROM `mss_goods` WHERE ( id=46 ) LIMIT 1   [ RunTime:0.001486s ]
SQL: UPDATE `mss_goods` SET `issell`=1 WHERE ( id=46 ) [ RunTime:0.000264s ]

[ 2018-02-14T13:10:49+08:00 ] 192.168.130.47 /mss/admin.php/Goods/issell/id/11?name=John&time=2pm
INFO: [ app_begin ] --START--
INFO: ReadHtmlCache Behavior ::run [ RunTime:0.003290s ]
INFO: [ app_begin ] --END-- [ RunTime:0.003426s ]
SQL: SHOW COLUMNS FROM `mss_goods` [ RunTime:0.004961s ]
SQL: SELECT * FROM `mss_goods` WHERE ( id=11 ) LIMIT 1   [ RunTime:0.001706s ]
SQL: UPDATE `mss_goods` SET `issell`=1 WHERE ( id=11 ) [ RunTime:0.000250s ]

[ 2018-02-14T13:10:49+08:00 ] 192.168.130.47 /mss/admin.php/Goods/issell/id/11?name=John&time=2pm
INFO: [ app_begin ] --START--
INFO: ReadHtmlCache Behavior ::run [ RunTime:0.002031s ]
INFO: [ app_begin ] --END-- [ RunTime:0.002145s ]
SQL: SHOW COLUMNS FROM `mss_goods` [ RunTime:0.003437s ]
SQL: SELECT * FROM `mss_goods` WHERE ( id=11 ) LIMIT 1   [ RunTime:0.001489s ]
SQL: UPDATE `mss_goods` SET `issell`=2 WHERE ( id=11 ) [ RunTime:0.000245s ]

[ 2018-02-14T13:10:50+08:00 ] 192.168.130.47 /mss/admin.php/Goods/issell/id/11?name=John&time=2pm
INFO: [ app_begin ] --START--
INFO: ReadHtmlCache Behavior ::run [ RunTime:0.001576s ]
INFO: [ app_begin ] --END-- [ RunTime:0.001643s ]
SQL: SHOW COLUMNS FROM `mss_goods` [ RunTime:0.004739s ]
SQL: SELECT * FROM `mss_goods` WHERE ( id=11 ) LIMIT 1   [ RunTime:0.002889s ]
SQL: UPDATE `mss_goods` SET `issell`=1 WHERE ( id=11 ) [ RunTime:0.000314s ]

[ 2018-02-14T13:10:51+08:00 ] 192.168.130.47 /mss/admin.php/Goods/issell/id/24?name=John&time=2pm
INFO: [ app_begin ] --START--
INFO: ReadHtmlCache Behavior ::run [ RunTime:0.001413s ]
INFO: [ app_begin ] --END-- [ RunTime:0.001474s ]
SQL: SHOW COLUMNS FROM `mss_goods` [ RunTime:0.003369s ]
SQL: SELECT * FROM `mss_goods` WHERE ( id=24 ) LIMIT 1   [ RunTime:0.001469s ]
SQL: UPDATE `mss_goods` SET `issell`=1 WHERE ( id=24 ) [ RunTime:0.000228s ]

[ 2018-02-14T13:10:56+08:00 ] 192.168.130.47 /mss/admin.php/Goods/issell/id/46?name=John&time=2pm
INFO: [ app_begin ] --START--
INFO: ReadHtmlCache Behavior ::run [ RunTime:0.001447s ]
INFO: [ app_begin ] --END-- [ RunTime:0.001507s ]
SQL: SHOW COLUMNS FROM `mss_goods` [ RunTime:0.003500s ]
SQL: SELECT * FROM `mss_goods` WHERE ( id=46 ) LIMIT 1   [ RunTime:0.001457s ]
SQL: UPDATE `mss_goods` SET `issell`=2 WHERE ( id=46 ) [ RunTime:0.000211s ]

[ 2018-02-14T13:10:59+08:00 ] 192.168.130.47 /mss/admin.php/Goods/issell/id/46?name=John&time=2pm
INFO: [ app_begin ] --START--
INFO: ReadHtmlCache Behavior ::run [ RunTime:0.001855s ]
INFO: [ app_begin ] --END-- [ RunTime:0.001940s ]
SQL: SHOW COLUMNS FROM `mss_goods` [ RunTime:0.003290s ]
SQL: SELECT * FROM `mss_goods` WHERE ( id=46 ) LIMIT 1   [ RunTime:0.001455s ]
SQL: UPDATE `mss_goods` SET `issell`=1 WHERE ( id=46 ) [ RunTime:0.000208s ]

[ 2018-02-14T13:11:32+08:00 ] 192.168.130.47 /mss/admin.php/Goods/issell/id/46?name=John&time=2pm
INFO: [ app_begin ] --START--
INFO: ReadHtmlCache Behavior ::run [ RunTime:0.002429s ]
INFO: [ app_begin ] --END-- [ RunTime:0.002543s ]
SQL: SHOW COLUMNS FROM `mss_goods` [ RunTime:0.004690s ]
SQL: SELECT * FROM `mss_goods` WHERE ( id=46 ) LIMIT 1   [ RunTime:0.002517s ]
SQL: UPDATE `mss_goods` SET `issell`=2 WHERE ( id=46 ) [ RunTime:0.000281s ]

[ 2018-02-14T13:11:44+08:00 ] 192.168.130.47 /mss/admin.php/Goods/issell/id/46?name=John&time=2pm
INFO: [ app_begin ] --START--
INFO: ReadHtmlCache Behavior ::run [ RunTime:0.001910s ]
INFO: [ app_begin ] --END-- [ RunTime:0.001998s ]
SQL: SHOW COLUMNS FROM `mss_goods` [ RunTime:0.003686s ]
SQL: SELECT * FROM `mss_goods` WHERE ( id=46 ) LIMIT 1   [ RunTime:0.001967s ]
SQL: UPDATE `mss_goods` SET `issell`=1 WHERE ( id=46 ) [ RunTime:0.000217s ]

[ 2018-02-14T13:14:39+08:00 ] 192.168.130.47 /mss/admin.php/Goods/tuijian/id/46?name=John&time=2pm
INFO: [ app_begin ] --START--
INFO: ReadHtmlCache Behavior ::run [ RunTime:0.000854s ]
INFO: [ app_begin ] --END-- [ RunTime:0.000973s ]
SQL: SHOW COLUMNS FROM `mss_goods` [ RunTime:0.003585s ]
SQL: SELECT * FROM `mss_goods` WHERE ( id=46 ) LIMIT 1   [ RunTime:0.001412s ]
SQL: UPDATE `mss_goods` SET `tuijian`=1 WHERE ( id=46 ) [ RunTime:0.000208s ]

[ 2018-02-14T13:14:59+08:00 ] 192.168.130.47 /mss/admin.php/Goods/tuijian/id/46?name=John&time=2pm
INFO: [ app_begin ] --START--
INFO: ReadHtmlCache Behavior ::run [ RunTime:0.000720s ]
INFO: [ app_begin ] --END-- [ RunTime:0.000808s ]
SQL: SHOW COLUMNS FROM `mss_goods` [ RunTime:0.003646s ]
SQL: SELECT * FROM `mss_goods` WHERE ( id=46 ) LIMIT 1   [ RunTime:0.001475s ]
SQL: UPDATE `mss_goods` SET `tuijian`=2 WHERE ( id=46 ) [ RunTime:0.000198s ]

[ 2018-02-14T13:22:05+08:00 ] 192.168.130.47 /mss/admin.php/Goods/tuangou/id/46?name=John&time=2pm
INFO: [ app_begin ] --START--
INFO: ReadHtmlCache Behavior ::run [ RunTime:0.001592s ]
INFO: [ app_begin ] --END-- [ RunTime:0.001657s ]
SQL: SHOW COLUMNS FROM `mss_goods` [ RunTime:0.003603s ]
SQL: SELECT * FROM `mss_goods` WHERE ( id=46 ) LIMIT 1   [ RunTime:0.001582s ]
SQL: UPDATE `mss_goods` SET `zuixin`=1 WHERE ( id=46 ) [ RunTime:0.000191s ]

[ 2018-02-14T13:22:06+08:00 ] 192.168.130.47 /mss/admin.php/Goods/tuangou/id/46?name=John&time=2pm
INFO: [ app_begin ] --START--
INFO: ReadHtmlCache Behavior ::run [ RunTime:0.002376s ]
INFO: [ app_begin ] --END-- [ RunTime:0.002476s ]
SQL: SHOW COLUMNS FROM `mss_goods` [ RunTime:0.005368s ]
SQL: SELECT * FROM `mss_goods` WHERE ( id=46 ) LIMIT 1   [ RunTime:0.002263s ]
SQL: UPDATE `mss_goods` SET `zuixin`=2 WHERE ( id=46 ) [ RunTime:0.000299s ]

[ 2018-02-14T13:22:36+08:00 ] 192.168.130.47 /mss/admin.php/Goods/tuangou/id/11?name=John&time=2pm
INFO: [ app_begin ] --START--
INFO: ReadHtmlCache Behavior ::run [ RunTime:0.001854s ]
INFO: [ app_begin ] --END-- [ RunTime:0.001960s ]
SQL: SHOW COLUMNS FROM `mss_goods` [ RunTime:0.004178s ]
SQL: SELECT * FROM `mss_goods` WHERE ( id=11 ) LIMIT 1   [ RunTime:0.001442s ]
SQL: UPDATE `mss_goods` SET `zuixin`=2 WHERE ( id=11 ) [ RunTime:0.000254s ]

[ 2018-02-14T13:22:37+08:00 ] 192.168.130.47 /mss/admin.php/Goods/tuangou/id/11?name=John&time=2pm
INFO: [ app_begin ] --START--
INFO: ReadHtmlCache Behavior ::run [ RunTime:0.001592s ]
INFO: [ app_begin ] --END-- [ RunTime:0.001674s ]
SQL: SHOW COLUMNS FROM `mss_goods` [ RunTime:0.003492s ]
SQL: SELECT * FROM `mss_goods` WHERE ( id=11 ) LIMIT 1   [ RunTime:0.001390s ]
SQL: UPDATE `mss_goods` SET `zuixin`=1 WHERE ( id=11 ) [ RunTime:0.000209s ]

[ 2018-02-14T13:22:38+08:00 ] 192.168.130.47 /mss/admin.php/Goods/tuangou/id/11?name=John&time=2pm
INFO: [ app_begin ] --START--
INFO: ReadHtmlCache Behavior ::run [ RunTime:0.001539s ]
INFO: [ app_begin ] --END-- [ RunTime:0.001614s ]
SQL: SHOW COLUMNS FROM `mss_goods` [ RunTime:0.003597s ]
SQL: SELECT * FROM `mss_goods` WHERE ( id=11 ) LIMIT 1   [ RunTime:0.001754s ]
SQL: UPDATE `mss_goods` SET `zuixin`=2 WHERE ( id=11 ) [ RunTime:0.000239s ]

[ 2018-02-14T13:22:38+08:00 ] 192.168.130.47 /mss/admin.php/Goods/tuangou/id/11?name=John&time=2pm
INFO: [ app_begin ] --START--
INFO: ReadHtmlCache Behavior ::run [ RunTime:0.001553s ]
INFO: [ app_begin ] --END-- [ RunTime:0.001618s ]
SQL: SHOW COLUMNS FROM `mss_goods` [ RunTime:0.003324s ]
SQL: SELECT * FROM `mss_goods` WHERE ( id=11 ) LIMIT 1   [ RunTime:0.001612s ]
SQL: UPDATE `mss_goods` SET `zuixin`=1 WHERE ( id=11 ) [ RunTime:0.000241s ]

[ 2018-02-14T13:22:44+08:00 ] 192.168.130.47 /mss/admin.php/Goods/tuangou/id/46?name=John&time=2pm
INFO: [ app_begin ] --START--
INFO: ReadHtmlCache Behavior ::run [ RunTime:0.001587s ]
INFO: [ app_begin ] --END-- [ RunTime:0.001658s ]
SQL: SHOW COLUMNS FROM `mss_goods` [ RunTime:0.003512s ]
SQL: SELECT * FROM `mss_goods` WHERE ( id=46 ) LIMIT 1   [ RunTime:0.001404s ]
SQL: UPDATE `mss_goods` SET `zuixin`=1 WHERE ( id=46 ) [ RunTime:0.000230s ]

[ 2018-02-14T13:22:45+08:00 ] 192.168.130.47 /mss/admin.php/Goods/tuangou/id/46?name=John&time=2pm
INFO: [ app_begin ] --START--
INFO: ReadHtmlCache Behavior ::run [ RunTime:0.001964s ]
INFO: [ app_begin ] --END-- [ RunTime:0.002051s ]
SQL: SHOW COLUMNS FROM `mss_goods` [ RunTime:0.006212s ]
SQL: SELECT * FROM `mss_goods` WHERE ( id=46 ) LIMIT 1   [ RunTime:0.002262s ]
SQL: UPDATE `mss_goods` SET `zuixin`=2 WHERE ( id=46 ) [ RunTime:0.000251s ]

[ 2018-02-14T13:24:29+08:00 ] 192.168.130.47 /mss/admin.php/Goods/tuangou/id/46?name=John&time=2pm
INFO: [ app_begin ] --START--
INFO: ReadHtmlCache Behavior ::run [ RunTime:0.000858s ]
INFO: [ app_begin ] --END-- [ RunTime:0.000957s ]
SQL: SHOW COLUMNS FROM `mss_goods` [ RunTime:0.005185s ]
SQL: SELECT * FROM `mss_goods` WHERE ( id=46 ) LIMIT 1   [ RunTime:0.001736s ]
SQL: UPDATE `mss_goods` SET `zuixin`=1 WHERE ( id=46 ) [ RunTime:0.000306s ]

[ 2018-02-14T13:24:29+08:00 ] 192.168.130.47 /mss/admin.php/Goods/tuangou/id/46?name=John&time=2pm
INFO: [ app_begin ] --START--
INFO: ReadHtmlCache Behavior ::run [ RunTime:0.000657s ]
INFO: [ app_begin ] --END-- [ RunTime:0.000733s ]
SQL: SHOW COLUMNS FROM `mss_goods` [ RunTime:0.003418s ]
SQL: SELECT * FROM `mss_goods` WHERE ( id=46 ) LIMIT 1   [ RunTime:0.001602s ]
SQL: UPDATE `mss_goods` SET `zuixin`=2 WHERE ( id=46 ) [ RunTime:0.000222s ]

[ 2018-02-14T13:24:37+08:00 ] 192.168.130.47 /mss/admin.php/Goods/tuangou/id/46?name=John&time=2pm
INFO: [ app_begin ] --START--
INFO: ReadHtmlCache Behavior ::run [ RunTime:0.001049s ]
INFO: [ app_begin ] --END-- [ RunTime:0.001140s ]
SQL: SHOW COLUMNS FROM `mss_goods` [ RunTime:0.003635s ]
SQL: SELECT * FROM `mss_goods` WHERE ( id=46 ) LIMIT 1   [ RunTime:0.001572s ]
SQL: UPDATE `mss_goods` SET `zuixin`=1 WHERE ( id=46 ) [ RunTime:0.000219s ]

[ 2018-02-14T13:24:38+08:00 ] 192.168.130.47 /mss/admin.php/Goods/tuangou/id/46?name=John&time=2pm
INFO: [ app_begin ] --START--
INFO: ReadHtmlCache Behavior ::run [ RunTime:0.001137s ]
INFO: [ app_begin ] --END-- [ RunTime:0.001273s ]
SQL: SHOW COLUMNS FROM `mss_goods` [ RunTime:0.003525s ]
SQL: SELECT * FROM `mss_goods` WHERE ( id=46 ) LIMIT 1   [ RunTime:0.001517s ]
SQL: UPDATE `mss_goods` SET `zuixin`=2 WHERE ( id=46 ) [ RunTime:0.000245s ]

[ 2018-02-14T13:24:38+08:00 ] 192.168.130.47 /mss/admin.php/Goods/tuangou/id/46?name=John&time=2pm
INFO: [ app_begin ] --START--
INFO: ReadHtmlCache Behavior ::run [ RunTime:0.000809s ]
INFO: [ app_begin ] --END-- [ RunTime:0.000902s ]
SQL: SHOW COLUMNS FROM `mss_goods` [ RunTime:0.005015s ]
SQL: SELECT * FROM `mss_goods` WHERE ( id=46 ) LIMIT 1   [ RunTime:0.002177s ]
SQL: UPDATE `mss_goods` SET `zuixin`=1 WHERE ( id=46 ) [ RunTime:0.000222s ]

[ 2018-02-14T13:24:39+08:00 ] 192.168.130.47 /mss/admin.php/Goods/tuangou/id/46?name=John&time=2pm
INFO: [ app_begin ] --START--
INFO: ReadHtmlCache Behavior ::run [ RunTime:0.001232s ]
INFO: [ app_begin ] --END-- [ RunTime:0.001377s ]
SQL: SHOW COLUMNS FROM `mss_goods` [ RunTime:0.003456s ]
SQL: SELECT * FROM `mss_goods` WHERE ( id=46 ) LIMIT 1   [ RunTime:0.001428s ]
SQL: UPDATE `mss_goods` SET `zuixin`=2 WHERE ( id=46 ) [ RunTime:0.000221s ]

[ 2018-02-14T13:24:39+08:00 ] 192.168.130.47 /mss/admin.php/Goods/tuangou/id/46?name=John&time=2pm
INFO: [ app_begin ] --START--
INFO: ReadHtmlCache Behavior ::run [ RunTime:0.000955s ]
INFO: [ app_begin ] --END-- [ RunTime:0.001064s ]
SQL: SHOW COLUMNS FROM `mss_goods` [ RunTime:0.003641s ]
SQL: SELECT * FROM `mss_goods` WHERE ( id=46 ) LIMIT 1   [ RunTime:0.001497s ]
SQL: UPDATE `mss_goods` SET `zuixin`=1 WHERE ( id=46 ) [ RunTime:0.000233s ]

[ 2018-02-14T13:24:47+08:00 ] 192.168.130.47 /mss/admin.php/Goods/tuangou/id/46?name=John&time=2pm
INFO: [ app_begin ] --START--
INFO: ReadHtmlCache Behavior ::run [ RunTime:0.000540s ]
INFO: [ app_begin ] --END-- [ RunTime:0.000605s ]
SQL: SHOW COLUMNS FROM `mss_goods` [ RunTime:0.003759s ]
SQL: SELECT * FROM `mss_goods` WHERE ( id=46 ) LIMIT 1   [ RunTime:0.001568s ]
SQL: UPDATE `mss_goods` SET `zuixin`=2 WHERE ( id=46 ) [ RunTime:0.000243s ]

[ 2018-02-14T13:24:52+08:00 ] 192.168.130.47 /mss/admin.php/Goods/tuangou/id/46?name=John&time=2pm
INFO: [ app_begin ] --START--
INFO: ReadHtmlCache Behavior ::run [ RunTime:0.001183s ]
INFO: [ app_begin ] --END-- [ RunTime:0.001315s ]
SQL: SHOW COLUMNS FROM `mss_goods` [ RunTime:0.003447s ]
SQL: SELECT * FROM `mss_goods` WHERE ( id=46 ) LIMIT 1   [ RunTime:0.001392s ]
SQL: UPDATE `mss_goods` SET `zuixin`=1 WHERE ( id=46 ) [ RunTime:0.000222s ]

[ 2018-02-14T13:24:54+08:00 ] 192.168.130.47 /mss/admin.php/Goods/tuangou/id/46?name=John&time=2pm
INFO: [ app_begin ] --START--
INFO: ReadHtmlCache Behavior ::run [ RunTime:0.000516s ]
INFO: [ app_begin ] --END-- [ RunTime:0.000599s ]
SQL: SHOW COLUMNS FROM `mss_goods` [ RunTime:0.003568s ]
SQL: SELECT * FROM `mss_goods` WHERE ( id=46 ) LIMIT 1   [ RunTime:0.001374s ]
SQL: UPDATE `mss_goods` SET `zuixin`=2 WHERE ( id=46 ) [ RunTime:0.000205s ]

[ 2018-02-14T13:26:06+08:00 ] 192.168.130.47 /mss/admin.php/Goods/tuangou/id/46?name=John&time=2pm
INFO: [ app_begin ] --START--
INFO: ReadHtmlCache Behavior ::run [ RunTime:0.000586s ]
INFO: [ app_begin ] --END-- [ RunTime:0.000652s ]
SQL: SHOW COLUMNS FROM `mss_goods` [ RunTime:0.003419s ]
SQL: SELECT * FROM `mss_goods` WHERE ( id=46 ) LIMIT 1   [ RunTime:0.001386s ]
SQL: UPDATE `mss_goods` SET `zuixin`=1 WHERE ( id=46 ) [ RunTime:0.000197s ]

[ 2018-02-14T13:26:33+08:00 ] 192.168.130.47 /mss/admin.php/Goods/tuangou/id/46?name=John&time=2pm
INFO: [ app_begin ] --START--
INFO: ReadHtmlCache Behavior ::run [ RunTime:0.000533s ]
INFO: [ app_begin ] --END-- [ RunTime:0.000598s ]
SQL: SHOW COLUMNS FROM `mss_goods` [ RunTime:0.003503s ]
SQL: SELECT * FROM `mss_goods` WHERE ( id=46 ) LIMIT 1   [ RunTime:0.001558s ]
SQL: UPDATE `mss_goods` SET `zuixin`=2 WHERE ( id=46 ) [ RunTime:0.000219s ]

[ 2018-02-14T13:28:22+08:00 ] 192.168.130.47 /mss/admin.php/Goodstype/delv?id=29
INFO: [ app_begin ] --START--
INFO: ReadHtmlCache Behavior ::run [ RunTime:0.000518s ]
INFO: [ app_begin ] --END-- [ RunTime:0.000579s ]
SQL: SHOW COLUMNS FROM `mss_goods_vtype` [ RunTime:0.003235s ]
SQL: DELETE FROM `mss_goods_vtype` WHERE ( id=29 ) [ RunTime:0.001685s ]

[ 2018-02-14T14:08:14+08:00 ] 192.168.130.213 /mss/admin.php/Goods/issell/id/47?name=John&time=2pm
INFO: [ app_begin ] --START--
INFO: ReadHtmlCache Behavior ::run [ RunTime:0.001660s ]
INFO: [ app_begin ] --END-- [ RunTime:0.001757s ]
SQL: SHOW COLUMNS FROM `mss_goods` [ RunTime:0.004570s ]
SQL: SELECT * FROM `mss_goods` WHERE ( id=47 ) LIMIT 1   [ RunTime:0.002060s ]
SQL: UPDATE `mss_goods` SET `issell`=2 WHERE ( id=47 ) [ RunTime:0.000276s ]

[ 2018-02-14T14:09:06+08:00 ] 192.168.130.213 /mss/admin.php/Goods/issell/id/47?name=John&time=2pm
INFO: [ app_begin ] --START--
INFO: ReadHtmlCache Behavior ::run [ RunTime:0.000655s ]
INFO: [ app_begin ] --END-- [ RunTime:0.000729s ]
SQL: SHOW COLUMNS FROM `mss_goods` [ RunTime:0.003987s ]
SQL: SELECT * FROM `mss_goods` WHERE ( id=47 ) LIMIT 1   [ RunTime:0.001805s ]
SQL: UPDATE `mss_goods` SET `issell`=1 WHERE ( id=47 ) [ RunTime:0.000237s ]

[ 2018-02-14T14:10:18+08:00 ] 192.168.130.213 /mss/admin.php/Goodstype/delv?id=32
INFO: [ app_begin ] --START--
INFO: ReadHtmlCache Behavior ::run [ RunTime:0.000809s ]
INFO: [ app_begin ] --END-- [ RunTime:0.000903s ]
SQL: SHOW COLUMNS FROM `mss_goods_vtype` [ RunTime:0.003061s ]
SQL: DELETE FROM `mss_goods_vtype` WHERE ( id=32 ) [ RunTime:0.001668s ]

[ 2018-02-14T17:02:43+08:00 ] 127.0.0.1 /mss/admin.php/Login/logout
INFO: [ route_check ] --START--
INFO: CheckRoute Behavior ::run [ RunTime:0.003582s ]
INFO: [ route_check ] --END-- [ RunTime:0.003842s ]
INFO: [ app_begin ] --START--
INFO: ReadHtmlCache Behavior ::run [ RunTime:0.000734s ]
INFO: [ app_begin ] --END-- [ RunTime:0.000828s ]

[ 2018-02-14T17:02:43+08:00 ] 127.0.0.1 /mss/admin.php/Login/index.html
INFO: [ route_check ] --START--
INFO: CheckRoute Behavior ::run [ RunTime:0.003160s ]
INFO: [ route_check ] --END-- [ RunTime:0.003307s ]
INFO: [ app_begin ] --START--
INFO: ReadHtmlCache Behavior ::run [ RunTime:0.000835s ]
INFO: [ app_begin ] --END-- [ RunTime:0.000945s ]
INFO: [ view_parse ] --START--
INFO: ParseTemplate Behavior ::run [ RunTime:0.010867s ]
INFO: [ view_parse ] --END-- [ RunTime:0.010996s ]
INFO: [ view_filter ] --START--
INFO: ContentReplace Behavior ::run [ RunTime:0.000402s ]
INFO: TokenBuild Behavior ::run [ RunTime:0.000384s ]
INFO: WriteHtmlCache Behavior ::run [ RunTime:0.001437s ]
INFO: ShowRuntime Behavior ::run [ RunTime:0.000450s ]
INFO: [ view_filter ] --END-- [ RunTime:0.002839s ]
INFO: [ view_end ] --START--
INFO: ShowPageTrace Behavior ::run [ RunTime:0.000536s ]
INFO: [ view_end ] --END-- [ RunTime:0.000592s ]

[ 2018-02-14T17:04:12+08:00 ] 127.0.0.1 /mss/admin.php/Login/login
INFO: [ route_check ] --START--
INFO: CheckRoute Behavior ::run [ RunTime:0.002293s ]
INFO: [ route_check ] --END-- [ RunTime:0.002417s ]
INFO: [ app_begin ] --START--
INFO: ReadHtmlCache Behavior ::run [ RunTime:0.000619s ]
INFO: [ app_begin ] --END-- [ RunTime:0.000694s ]
SQL: SHOW COLUMNS FROM `mss_user_admin` [ RunTime:0.005746s ]
SQL: SELECT * FROM `mss_user_admin` WHERE ( `username` = 'admin' ) AND ( `userpwd` = '21232f297a57a5a743894a0e4a801fc3' ) LIMIT 1   [ RunTime:0.002416s ]
SQL: UPDATE `mss_user_admin` SET `logintime`=1392368652 WHERE ( `id` = 1 ) [ RunTime:0.000353s ]

[ 2018-02-14T17:04:13+08:00 ] 127.0.0.1 /mss/admin.php/Index/index.html
INFO: [ route_check ] --START--
INFO: CheckRoute Behavior ::run [ RunTime:0.002208s ]
INFO: [ route_check ] --END-- [ RunTime:0.002405s ]
INFO: [ app_begin ] --START--
INFO: ReadHtmlCache Behavior ::run [ RunTime:0.000569s ]
INFO: [ app_begin ] --END-- [ RunTime:0.000640s ]
SQL: SHOW COLUMNS FROM `mss_user` [ RunTime:0.003922s ]
SQL: SELECT COUNT(*) AS tp_count FROM `mss_user` WHERE ( ustatus=1 ) LIMIT 1   [ RunTime:0.003298s ]
SQL: SELECT COUNT(*) AS tp_count FROM `mss_user` WHERE (  (`regtime` BETWEEN 1391961600 AND 1391875200 ) ) LIMIT 1   [ RunTime:0.000232s ]
SQL: SHOW COLUMNS FROM `mss_order` [ RunTime:0.004868s ]
SQL: SELECT COUNT(*) AS tp_count FROM `mss_order` LIMIT 1   [ RunTime:0.002969s ]
SQL: SELECT COUNT(*) AS tp_count FROM `mss_order` WHERE ( paystatus=3 ) LIMIT 1   [ RunTime:0.000256s ]
SQL: SELECT COUNT(*) AS tp_count FROM `mss_order` WHERE ( `paystatus` NOT IN ('3') ) LIMIT 1   [ RunTime:0.000218s ]
SQL: SHOW COLUMNS FROM `mss_goods` [ RunTime:0.004537s ]
SQL: SELECT COUNT(*) AS tp_count FROM `mss_goods` LIMIT 1   [ RunTime:0.001474s ]
SQL: SHOW COLUMNS FROM `mss_admin_log` [ RunTime:0.006460s ]
SQL: SELECT * FROM `mss_admin_log` ORDER BY time desc LIMIT 0,5   [ RunTime:0.005348s ]
INFO: [ view_parse ] --START--
INFO: ParseTemplate Behavior ::run [ RunTime:0.024981s ]
INFO: [ view_parse ] --END-- [ RunTime:0.025113s ]
INFO: [ view_filter ] --START--
INFO: ContentReplace Behavior ::run [ RunTime:0.000460s ]
INFO: TokenBuild Behavior ::run [ RunTime:0.000381s ]
INFO: WriteHtmlCache Behavior ::run [ RunTime:0.001417s ]
INFO: ShowRuntime Behavior ::run [ RunTime:0.000444s ]
INFO: [ view_filter ] --END-- [ RunTime:0.002876s ]
INFO: [ view_end ] --START--
INFO: ShowPageTrace Behavior ::run [ RunTime:0.000602s ]
INFO: [ view_end ] --END-- [ RunTime:0.000670s ]

[ 2018-02-14T17:04:45+08:00 ] 127.0.0.1 /mss/admin.php/User/lists
INFO: [ route_check ] --START--
INFO: CheckRoute Behavior ::run [ RunTime:0.001956s ]
INFO: [ route_check ] --END-- [ RunTime:0.002048s ]
INFO: [ app_begin ] --START--
INFO: ReadHtmlCache Behavior ::run [ RunTime:0.001107s ]
INFO: [ app_begin ] --END-- [ RunTime:0.001173s ]
SQL: SHOW COLUMNS FROM `mss_admin_log` [ RunTime:0.004668s ]
SQL: INSERT INTO `mss_admin_log` (`userid`,`time`,`loginfo`,`userip`) VALUES (1,1392368685,'管理员admin查看了用户列表','127.0.0.1') [ RunTime:0.002129s ]
SQL: SHOW COLUMNS FROM `mss_user` [ RunTime:0.003949s ]
SQL: SHOW COLUMNS FROM `mss_userinfo` [ RunTime:0.003423s ]
SQL: SELECT * FROM `mss_userinfo`  [ RunTime:0.001473s ]
SQL: SELECT * FROM `mss_user`  [ RunTime:0.000154s ]
INFO: [ view_parse ] --START--
INFO: ParseTemplate Behavior ::run [ RunTime:0.023713s ]
INFO: [ view_parse ] --END-- [ RunTime:0.023851s ]
INFO: [ view_filter ] --START--
INFO: ContentReplace Behavior ::run [ RunTime:0.001868s ]
INFO: TokenBuild Behavior ::run [ RunTime:0.001296s ]
INFO: WriteHtmlCache Behavior ::run [ RunTime:0.001755s ]
INFO: ShowRuntime Behavior ::run [ RunTime:0.001032s ]
INFO: [ view_filter ] --END-- [ RunTime:0.006216s ]
INFO: [ view_end ] --START--
INFO: ShowPageTrace Behavior ::run [ RunTime:0.001192s ]
INFO: [ view_end ] --END-- [ RunTime:0.001269s ]

[ 2018-02-14T17:04:49+08:00 ] 127.0.0.1 /mss/admin.php/Goods/lists
INFO: [ route_check ] --START--
INFO: CheckRoute Behavior ::run [ RunTime:0.002137s ]
INFO: [ route_check ] --END-- [ RunTime:0.002250s ]
INFO: [ app_begin ] --START--
INFO: ReadHtmlCache Behavior ::run [ RunTime:0.000758s ]
INFO: [ app_begin ] --END-- [ RunTime:0.000865s ]
SQL: SHOW COLUMNS FROM `mss_admin_log` [ RunTime:0.003094s ]
SQL: INSERT INTO `mss_admin_log` (`userid`,`time`,`loginfo`,`userip`) VALUES (1,1392368689,'管理员admin查看了商品列表','127.0.0.1') [ RunTime:0.001412s ]
SQL: SHOW COLUMNS FROM `mss_goods` [ RunTime:0.003136s ]
SQL: SELECT COUNT(*) AS tp_count FROM `mss_goods` LIMIT 1   [ RunTime:0.000440s ]
SQL: SELECT * FROM `mss_goods` WHERE ( huishou!=1 ) ORDER BY selltime desc, id  [ RunTime:0.001764s ]
INFO: [ view_parse ] --START--
INFO: ParseTemplate Behavior ::run [ RunTime:0.026887s ]
INFO: [ view_parse ] --END-- [ RunTime:0.027003s ]
INFO: [ view_filter ] --START--
INFO: ContentReplace Behavior ::run [ RunTime:0.001760s ]
INFO: TokenBuild Behavior ::run [ RunTime:0.000925s ]
INFO: WriteHtmlCache Behavior ::run [ RunTime:0.001588s ]
INFO: ShowRuntime Behavior ::run [ RunTime:0.000595s ]
INFO: [ view_filter ] --END-- [ RunTime:0.005106s ]
INFO: [ view_end ] --START--
INFO: ShowPageTrace Behavior ::run [ RunTime:0.000754s ]
INFO: [ view_end ] --END-- [ RunTime:0.000842s ]

